<?xml version="1.0" encoding="UTF-8"?>
<coverage generated="1656877505095" clover="3.2.0">
  <project timestamp="1656877505095" name="All files">
    <metrics statements="13" coveredstatements="6" conditionals="0" coveredconditionals="0" methods="6" coveredmethods="2" elements="19" coveredelements="8" complexity="0" loc="13" ncloc="13" packages="3" files="6" classes="6"/>
    <package name="src">
      <metrics statements="2" coveredstatements="0" conditionals="0" coveredconditionals="0" methods="0" coveredmethods="0"/>
      <file name="index.js" path="C:\Users\nicho\Desktop\projects\webpack-configs-main\webpack-configs-main\webpack-starter-with-react-DO NOT CHANGE\src\index.js">
        <metrics statements="2" coveredstatements="0" conditionals="0" coveredconditionals="0" methods="0" coveredmethods="0"/>
        <line num="5" count="0" type="stmt"/>
        <line num="6" count="0" type="stmt"/>
      </file>
    </package>
    <package name="src.Pages">
      <metrics statements="10" coveredstatements="5" conditionals="0" coveredconditionals="0" methods="5" coveredmethods="1"/>
      <file name="404.jsx" path="C:\Users\nicho\Desktop\projects\webpack-configs-main\webpack-configs-main\webpack-starter-with-react-DO NOT CHANGE\src\Pages\404.jsx">
        <metrics statements="2" coveredstatements="1" conditionals="0" coveredconditionals="0" methods="1" coveredmethods="0"/>
        <line num="3" count="1" type="stmt"/>
        <line num="4" count="0" type="stmt"/>
      </file>
      <file name="About.jsx" path="C:\Users\nicho\Desktop\projects\webpack-configs-main\webpack-configs-main\webpack-starter-with-react-DO NOT CHANGE\src\Pages\About.jsx">
        <metrics statements="2" coveredstatements="1" conditionals="0" coveredconditionals="0" methods="1" coveredmethods="0"/>
        <line num="3" count="1" type="stmt"/>
        <line num="4" count="0" type="stmt"/>
      </file>
      <file name="Home.jsx" path="C:\Users\nicho\Desktop\projects\webpack-configs-main\webpack-configs-main\webpack-starter-with-react-DO NOT CHANGE\src\Pages\Home.jsx">
        <metrics statements="2" coveredstatements="2" conditionals="0" coveredconditionals="0" methods="1" coveredmethods="1"/>
        <line num="3" count="1" type="stmt"/>
        <line num="4" count="1" type="stmt"/>
      </file>
      <file name="Profile.jsx" path="C:\Users\nicho\Desktop\projects\webpack-configs-main\webpack-configs-main\webpack-starter-with-react-DO NOT CHANGE\src\Pages\Profile.jsx">
        <metrics statements="4" coveredstatements="1" conditionals="0" coveredconditionals="0" methods="2" coveredmethods="0"/>
        <line num="4" count="1" type="stmt"/>
        <line num="5" count="0" type="stmt"/>
        <line num="6" count="0" type="stmt"/>
        <line num="9" count="0" type="stmt"/>
      </file>
    </package>
    <package name="src.components.App">
      <metrics statements="1" coveredstatements="1" conditionals="0" coveredconditionals="0" methods="1" coveredmethods="1"/>
      <file name="App.jsx" path="C:\Users\nicho\Desktop\projects\webpack-configs-main\webpack-configs-main\webpack-starter-with-react-DO NOT CHANGE\src\components\App\App.jsx">
        <metrics statements="1" coveredstatements="1" conditionals="0" coveredconditionals="0" methods="1" coveredmethods="1"/>
        <line num="9" count="1" type="stmt"/>
      </file>
    </package>
  </project>
</coverage>
