{"C:\\Users\\nicho\\Desktop\\projects\\webpack-configs-main\\webpack-configs-main\\webpack-starter-with-react-DO NOT CHANGE\\src\\index.js": {"path":"C:\\Users\\nicho\\Desktop\\projects\\webpack-configs-main\\webpack-configs-main\\webpack-starter-with-react-DO NOT CHANGE\\src\\index.js","statementMap":{"0":{"start":{"line":5,"column":13},"end":{"line":5,"column":65}},"1":{"start":{"line":6,"column":0},"end":{"line":6,"column":20}}},"fnMap":{},"branchMap":{},"s":{"0":0,"1":0},"f":{},"b":{}}
,"C:\\Users\\nicho\\Desktop\\projects\\webpack-configs-main\\webpack-configs-main\\webpack-starter-with-react-DO NOT CHANGE\\src\\Pages\\404.jsx": {"path":"C:\\Users\\nicho\\Desktop\\projects\\webpack-configs-main\\webpack-configs-main\\webpack-starter-with-react-DO NOT CHANGE\\src\\Pages\\404.jsx","statementMap":{"0":{"start":{"line":3,"column":18},"end":{"line":5,"column":1}},"1":{"start":{"line":4,"column":2},"end":{"line":4,"column":47}}},"fnMap":{"0":{"name":"(anonymous_0)","decl":{"start":{"line":3,"column":18},"end":{"line":3,"column":19}},"loc":{"start":{"line":3,"column":24},"end":{"line":5,"column":1}},"line":3}},"branchMap":{},"s":{"0":1,"1":0},"f":{"0":0},"b":{},"_coverageSchema":"1a1c01bbd47fc00a2c39e90264f33305004495a9","hash":"2a3dc2601d94e3bf76c3ce7cdc12bda712e86a0a"}
,"C:\\Users\\nicho\\Desktop\\projects\\webpack-configs-main\\webpack-configs-main\\webpack-starter-with-react-DO NOT CHANGE\\src\\Pages\\About.jsx": {"path":"C:\\Users\\nicho\\Desktop\\projects\\webpack-configs-main\\webpack-configs-main\\webpack-starter-with-react-DO NOT CHANGE\\src\\Pages\\About.jsx","statementMap":{"0":{"start":{"line":3,"column":14},"end":{"line":5,"column":1}},"1":{"start":{"line":4,"column":2},"end":{"line":4,"column":43}}},"fnMap":{"0":{"name":"(anonymous_0)","decl":{"start":{"line":3,"column":14},"end":{"line":3,"column":15}},"loc":{"start":{"line":3,"column":20},"end":{"line":5,"column":1}},"line":3}},"branchMap":{},"s":{"0":1,"1":0},"f":{"0":0},"b":{},"_coverageSchema":"1a1c01bbd47fc00a2c39e90264f33305004495a9","hash":"5fbd1089bc78f6ea0965c846baab98eb46d03f8f"}
,"C:\\Users\\nicho\\Desktop\\projects\\webpack-configs-main\\webpack-configs-main\\webpack-starter-with-react-DO NOT CHANGE\\src\\Pages\\Home.jsx": {"path":"C:\\Users\\nicho\\Desktop\\projects\\webpack-configs-main\\webpack-configs-main\\webpack-starter-with-react-DO NOT CHANGE\\src\\Pages\\Home.jsx","statementMap":{"0":{"start":{"line":3,"column":13},"end":{"line":5,"column":1}},"1":{"start":{"line":4,"column":2},"end":{"line":4,"column":43}}},"fnMap":{"0":{"name":"(anonymous_0)","decl":{"start":{"line":3,"column":13},"end":{"line":3,"column":14}},"loc":{"start":{"line":3,"column":19},"end":{"line":5,"column":1}},"line":3}},"branchMap":{},"s":{"0":1,"1":1},"f":{"0":1},"b":{},"_coverageSchema":"1a1c01bbd47fc00a2c39e90264f33305004495a9","hash":"a3bf0acb2c4dc6c1e3c481c196d656b9a4795fc5"}
,"C:\\Users\\nicho\\Desktop\\projects\\webpack-configs-main\\webpack-configs-main\\webpack-starter-with-react-DO NOT CHANGE\\src\\Pages\\Profile.jsx": {"path":"C:\\Users\\nicho\\Desktop\\projects\\webpack-configs-main\\webpack-configs-main\\webpack-starter-with-react-DO NOT CHANGE\\src\\Pages\\Profile.jsx","statementMap":{"0":{"start":{"line":4,"column":16},"end":{"line":12,"column":1}},"1":{"start":{"line":5,"column":17},"end":{"line":5,"column":30}},"2":{"start":{"line":6,"column":2},"end":{"line":11,"column":3}},"3":{"start":{"line":9,"column":29},"end":{"line":9,"column":47}}},"fnMap":{"0":{"name":"(anonymous_0)","decl":{"start":{"line":4,"column":16},"end":{"line":4,"column":17}},"loc":{"start":{"line":4,"column":22},"end":{"line":12,"column":1}},"line":4},"1":{"name":"(anonymous_1)","decl":{"start":{"line":9,"column":23},"end":{"line":9,"column":24}},"loc":{"start":{"line":9,"column":29},"end":{"line":9,"column":47}},"line":9}},"branchMap":{},"s":{"0":1,"1":0,"2":0,"3":0},"f":{"0":0,"1":0},"b":{},"_coverageSchema":"1a1c01bbd47fc00a2c39e90264f33305004495a9","hash":"28ad0e0e21cbe2664decfb784ed4275881ca470a"}
,"C:\\Users\\nicho\\Desktop\\projects\\webpack-configs-main\\webpack-configs-main\\webpack-starter-with-react-DO NOT CHANGE\\src\\components\\App\\App.jsx": {"path":"C:\\Users\\nicho\\Desktop\\projects\\webpack-configs-main\\webpack-configs-main\\webpack-starter-with-react-DO NOT CHANGE\\src\\components\\App\\App.jsx","statementMap":{"0":{"start":{"line":9,"column":2},"end":{"line":26,"column":3}}},"fnMap":{"0":{"name":"App","decl":{"start":{"line":8,"column":9},"end":{"line":8,"column":12}},"loc":{"start":{"line":8,"column":15},"end":{"line":27,"column":1}},"line":8}},"branchMap":{},"s":{"0":1},"f":{"0":1},"b":{},"_coverageSchema":"1a1c01bbd47fc00a2c39e90264f33305004495a9","hash":"4bcccc77c75c863f3cbab0d06fb3b2e9903576c9"}
}
